2020-08-18 15:56:08,619 - instabot version: 0.117.0 (bot) - INFO - Instabot version: 0.117.0 Started
2020-08-18 15:56:08,619 - instabot version: 0.117.0 (bot) - DEBUG - Bot imported from C:\Users\Victor\AppData\Local\Temp\_MEI680682\instabot\bot\bot.pyc
2020-08-18 15:56:08,620 - instabot version: 0.117.0 (api_login) - DEBUG - Loading cookies
2020-08-18 15:56:08,621 - instabot version: 0.117.0 (api_login) - DEBUG - Loading uuids
2020-08-18 15:56:08,621 - instabot version: 0.117.0 (api_login) - INFO - Recovery from C:\Users\Victor\OneDrive\Desktop\CS\PythonProject\Confessions/config/victordigueslacerda_uuid_and_cookie.json: COOKIE True - UUIDs True - TIMING, DEVICE and ...
- user-agent=Instagram 117.0.0.28.123 Android (28/9.0; 420dpi; 1080x1920; OnePlus; ONEPLUS A3003; OnePlus3; qcom; en_US; 180322800)
- phone_id=0294b770-0458-4e7c-b3f0-14f710c70ecb
- uuid=7ca4da58-6651-42bd-a1d3-8b8a5b050a76
- client_session_id=fb6021c5-c014-4123-a663-502d3db2624d
- device_id=android-cffc1a251af68d37
2020-08-18 15:56:08,622 - instabot version: 0.117.0 (api_login) - INFO - LOGIN FLOW! Just logged-in: False
2020-08-18 15:56:10,346 - instabot version: 0.117.0 (api) - DEBUG - POST to endpoint: feed/timeline/ returned response: <Response [200]>
2020-08-18 15:56:11,640 - instabot version: 0.117.0 (api) - DEBUG - POST to endpoint: feed/reels_tray/ returned response: <Response [200]>
2020-08-18 15:56:12,322 - instabot version: 0.117.0 (api) - DEBUG - POST to endpoint: direct_v2/ranked_recipients/ returned response: <Response [200]>
2020-08-18 15:56:12,615 - instabot version: 0.117.0 (api) - DEBUG - POST to endpoint: direct_v2/ranked_recipients/ returned response: <Response [200]>
2020-08-18 15:56:13,753 - instabot version: 0.117.0 (api) - DEBUG - POST to endpoint: direct_v2/inbox/ returned response: <Response [200]>
2020-08-18 15:56:14,886 - instabot version: 0.117.0 (api) - DEBUG - GET to endpoint: direct_v2/get_presence/ returned response: <Response [200]>
2020-08-18 15:56:15,514 - instabot version: 0.117.0 (api) - DEBUG - GET to endpoint: news/inbox/?limited_activity=true&show_su=true returned response: <Response [200]>
2020-08-18 15:56:15,799 - instabot version: 0.117.0 (api) - DEBUG - GET to endpoint: users/profile_notice/ returned response: <Response [200]>
2020-08-18 15:56:17,539 - instabot version: 0.117.0 (api) - DEBUG - POST to endpoint: discover/explore/ returned response: <Response [200]>
2020-08-18 15:56:17,543 - instabot version: 0.117.0 (api) - INFO - Logged-in successfully as 'victordigueslacerda'!
2020-08-18 15:56:17,543 - instabot version: 0.117.0 (bot_checkpoint) - DEBUG - Loading Checkpoint file from: C:\Users\Victor\OneDrive\Desktop\CS\PythonProject\Confessions/config/victordigueslacerda.checkpoint
2020-08-18 15:56:38,838 - instabot version: 0.117.0 (api) - DEBUG - POST to endpoint: media/configure/? returned response: <Response [200]>
2020-08-18 15:56:39,102 - instabot version: 0.117.0 (api) - DEBUG - POST to endpoint: qe/expose/ returned response: <Response [200]>
2020-08-18 15:56:39,105 - instabot version: 0.117.0 (bot_photo) - INFO - Photo 'to_post/2020_08_18-03_56_05_PMba41b42470a34f0fa662239f9111581a.jpg' is uploaded.
