2020-08-20 14:46:33,827 - instabot version: 0.117.0 (bot) - INFO - Instabot version: 0.117.0 Started
2020-08-20 14:46:33,827 - instabot version: 0.117.0 (bot) - DEBUG - Bot imported from C:\Python38\lib\site-packages\instabot\bot\bot.py
2020-08-20 14:46:33,828 - instabot version: 0.117.0 (api_login) - DEBUG - Loading cookies
2020-08-20 14:46:33,828 - instabot version: 0.117.0 (api_login) - DEBUG - Loading uuids
2020-08-20 14:46:33,828 - instabot version: 0.117.0 (api_login) - INFO - Recovery from C:\Users\Victor\OneDrive\Desktop\CS\PythonProject\Confessions/config/victordigueslacerda_uuid_and_cookie.json: COOKIE True - UUIDs True - TIMING, DEVICE and ...
- user-agent=Instagram 117.0.0.28.123 Android (28/9.0; 420dpi; 1080x1920; OnePlus; ONEPLUS A3003; OnePlus3; qcom; en_US; 180322800)
- phone_id=0294b770-0458-4e7c-b3f0-14f710c70ecb
- uuid=7ca4da58-6651-42bd-a1d3-8b8a5b050a76
- client_session_id=9968a460-afba-45c3-9103-44fb2e75ccfe
- device_id=android-cffc1a251af68d37
2020-08-20 14:46:33,829 - instabot version: 0.117.0 (api_login) - INFO - LOGIN FLOW! Just logged-in: False
2020-08-20 14:46:35,082 - instabot version: 0.117.0 (api) - DEBUG - POST to endpoint: feed/timeline/ returned response: <Response [200]>
2020-08-20 14:46:35,993 - instabot version: 0.117.0 (api) - DEBUG - POST to endpoint: feed/reels_tray/ returned response: <Response [200]>
2020-08-20 14:46:35,998 - instabot version: 0.117.0 (api) - INFO - Logged-in successfully as 'victordigueslacerda'!
2020-08-20 14:46:35,998 - instabot version: 0.117.0 (bot_checkpoint) - DEBUG - Loading Checkpoint file from: C:\Users\Victor\OneDrive\Desktop\CS\PythonProject\Confessions/config/victordigueslacerda.checkpoint
2020-08-20 14:46:55,178 - instabot version: 0.117.0 (api) - DEBUG - POST to endpoint: media/configure/? returned response: <Response [200]>
2020-08-20 14:46:55,444 - instabot version: 0.117.0 (api) - DEBUG - POST to endpoint: qe/expose/ returned response: <Response [200]>
2020-08-20 14:46:55,448 - instabot version: 0.117.0 (bot_photo) - INFO - Photo 'to_post/2020_08_20-02_44_10_PM3e55d2b9d9114a2a9dcfac2084625561.jpg' is uploaded.
2020-08-20 14:48:01,871 - instabot version: 0.117.0 (bot_checkpoint) - DEBUG - Saving Checkpoint file to: C:\Users\Victor\OneDrive\Desktop\CS\PythonProject\Confessions/config/victordigueslacerda.checkpoint
2020-08-20 14:48:01,874 - instabot version: 0.117.0 (bot) - INFO - Total requests: 75
2020-08-20 14:48:01,874 - instabot version: 0.117.0 (bot_checkpoint) - DEBUG - Saving Checkpoint file to: C:\Users\Victor\OneDrive\Desktop\CS\PythonProject\Confessions/config/victordigueslacerda.checkpoint
2020-08-20 14:48:01,875 - instabot version: 0.117.0 (bot) - INFO - Total requests: 75
