2020-08-20 13:06:23,702 - instabot version: 0.117.0 (bot) - INFO - Instabot version: 0.117.0 Started
2020-08-20 13:06:23,702 - instabot version: 0.117.0 (bot) - DEBUG - Bot imported from C:\Python38\lib\site-packages\instabot\bot\bot.py
2020-08-20 13:06:23,702 - instabot version: 0.117.0 (api_login) - DEBUG - Loading cookies
2020-08-20 13:06:23,702 - instabot version: 0.117.0 (api_login) - DEBUG - Loading uuids
2020-08-20 13:06:23,702 - instabot version: 0.117.0 (api_login) - INFO - Recovery from C:\Users\Victor\OneDrive\Desktop\CS\PythonProject\Confessions/config/victordigueslacerda_uuid_and_cookie.json: COOKIE True - UUIDs True - TIMING, DEVICE and ...
- user-agent=Instagram 117.0.0.28.123 Android (28/9.0; 420dpi; 1080x1920; OnePlus; ONEPLUS A3003; OnePlus3; qcom; en_US; 180322800)
- phone_id=0294b770-0458-4e7c-b3f0-14f710c70ecb
- uuid=7ca4da58-6651-42bd-a1d3-8b8a5b050a76
- client_session_id=ec6ccb08-6fae-4a6b-a05f-b96703030b80
- device_id=android-cffc1a251af68d37
2020-08-20 13:06:23,702 - instabot version: 0.117.0 (api_login) - INFO - LOGIN FLOW! Just logged-in: False
2020-08-20 13:06:25,046 - instabot version: 0.117.0 (api) - DEBUG - POST to endpoint: feed/timeline/ returned response: <Response [200]>
2020-08-20 13:06:25,823 - instabot version: 0.117.0 (api) - DEBUG - POST to endpoint: feed/reels_tray/ returned response: <Response [200]>
2020-08-20 13:06:26,100 - instabot version: 0.117.0 (api) - DEBUG - POST to endpoint: direct_v2/ranked_recipients/ returned response: <Response [200]>
2020-08-20 13:06:26,389 - instabot version: 0.117.0 (api) - DEBUG - POST to endpoint: direct_v2/ranked_recipients/ returned response: <Response [200]>
2020-08-20 13:06:28,464 - instabot version: 0.117.0 (api) - DEBUG - POST to endpoint: direct_v2/inbox/ returned response: <Response [200]>
2020-08-20 13:06:29,408 - instabot version: 0.117.0 (api) - DEBUG - GET to endpoint: direct_v2/get_presence/ returned response: <Response [200]>
2020-08-20 13:06:30,046 - instabot version: 0.117.0 (api) - DEBUG - GET to endpoint: news/inbox/?limited_activity=true&show_su=true returned response: <Response [200]>
2020-08-20 13:06:30,311 - instabot version: 0.117.0 (api) - DEBUG - GET to endpoint: users/profile_notice/ returned response: <Response [200]>
2020-08-20 13:06:30,587 - instabot version: 0.117.0 (api) - DEBUG - POST to endpoint: discover/explore/ returned response: <Response [200]>
2020-08-20 13:06:30,590 - instabot version: 0.117.0 (api) - INFO - Logged-in successfully as 'victordigueslacerda'!
2020-08-20 13:06:30,590 - instabot version: 0.117.0 (bot_checkpoint) - DEBUG - Loading Checkpoint file from: C:\Users\Victor\OneDrive\Desktop\CS\PythonProject\Confessions/config/victordigueslacerda.checkpoint
2020-08-20 13:06:51,423 - instabot version: 0.117.0 (api) - DEBUG - POST to endpoint: media/configure/? returned response: <Response [200]>
2020-08-20 13:06:51,674 - instabot version: 0.117.0 (api) - DEBUG - POST to endpoint: qe/expose/ returned response: <Response [200]>
2020-08-20 13:06:51,677 - instabot version: 0.117.0 (bot_photo) - INFO - Photo 'to_post/2020_08_20-01_05_52_PMaac25a205f6a40ce95f45c23cc22cf54.jpg' is uploaded.
2020-08-20 13:09:57,777 - instabot version: 0.117.0 (bot_checkpoint) - DEBUG - Saving Checkpoint file to: C:\Users\Victor\OneDrive\Desktop\CS\PythonProject\Confessions/config/victordigueslacerda.checkpoint
2020-08-20 13:09:57,779 - instabot version: 0.117.0 (bot) - INFO - Total requests: 71
