2020-08-19 16:58:04,934 - instabot version: 0.117.0 (bot) - INFO - Instabot version: 0.117.0 Started
2020-08-19 16:58:04,934 - instabot version: 0.117.0 (bot) - DEBUG - Bot imported from C:\Python38\lib\site-packages\instabot\bot\bot.py
2020-08-19 16:58:04,934 - instabot version: 0.117.0 (api_login) - DEBUG - Loading cookies
2020-08-19 16:58:04,939 - instabot version: 0.117.0 (api_login) - DEBUG - Loading uuids
2020-08-19 16:58:04,940 - instabot version: 0.117.0 (api_login) - INFO - Recovery from C:\Users\Victor\OneDrive\Desktop\CS\PythonProject\Confessions/config/victordigueslacerda_uuid_and_cookie.json: COOKIE True - UUIDs True - TIMING, DEVICE and ...
- user-agent=Instagram 117.0.0.28.123 Android (28/9.0; 420dpi; 1080x1920; OnePlus; ONEPLUS A3003; OnePlus3; qcom; en_US; 180322800)
- phone_id=0294b770-0458-4e7c-b3f0-14f710c70ecb
- uuid=7ca4da58-6651-42bd-a1d3-8b8a5b050a76
- client_session_id=9290a63e-5baf-40e2-8ae0-82c0b0cf2321
- device_id=android-cffc1a251af68d37
2020-08-19 16:58:04,940 - instabot version: 0.117.0 (api_login) - INFO - LOGIN FLOW! Just logged-in: False
2020-08-19 16:58:06,405 - instabot version: 0.117.0 (api) - DEBUG - POST to endpoint: feed/timeline/ returned response: <Response [200]>
2020-08-19 16:58:07,553 - instabot version: 0.117.0 (api) - DEBUG - POST to endpoint: feed/reels_tray/ returned response: <Response [200]>
2020-08-19 16:58:07,561 - instabot version: 0.117.0 (api) - INFO - Logged-in successfully as 'victordigueslacerda'!
2020-08-19 16:58:07,562 - instabot version: 0.117.0 (bot_checkpoint) - DEBUG - Loading Checkpoint file from: C:\Users\Victor\OneDrive\Desktop\CS\PythonProject\Confessions/config/victordigueslacerda.checkpoint
2020-08-19 16:58:28,533 - instabot version: 0.117.0 (api) - DEBUG - POST to endpoint: media/configure/? returned response: <Response [200]>
2020-08-19 16:58:28,970 - instabot version: 0.117.0 (api) - DEBUG - POST to endpoint: qe/expose/ returned response: <Response [200]>
2020-08-19 16:58:28,974 - instabot version: 0.117.0 (bot_photo) - INFO - Photo 'to_post/2020_08_19-04_55_30_PMd8360773983e4d9dbf31079bdf4001b9.jpg' is uploaded.
2020-08-19 16:58:57,536 - instabot version: 0.117.0 (bot_checkpoint) - DEBUG - Saving Checkpoint file to: C:\Users\Victor\OneDrive\Desktop\CS\PythonProject\Confessions/config/victordigueslacerda.checkpoint
2020-08-19 16:58:57,539 - instabot version: 0.117.0 (bot) - INFO - Total requests: 61
2020-08-19 16:58:57,541 - instabot version: 0.117.0 (bot_checkpoint) - DEBUG - Saving Checkpoint file to: C:\Users\Victor\OneDrive\Desktop\CS\PythonProject\Confessions/config/victordigueslacerda.checkpoint
2020-08-19 16:58:57,543 - instabot version: 0.117.0 (bot) - INFO - Total requests: 61
2020-08-19 16:58:57,545 - instabot version: 0.117.0 (bot_checkpoint) - DEBUG - Saving Checkpoint file to: C:\Users\Victor\OneDrive\Desktop\CS\PythonProject\Confessions/config/victordigueslacerda.checkpoint
2020-08-19 16:58:57,547 - instabot version: 0.117.0 (bot) - INFO - Total requests: 61
