2020-08-17 14:34:22,190 - instabot version: 0.117.0 (bot) - INFO - Instabot version: 0.117.0 Started
2020-08-17 14:34:22,190 - instabot version: 0.117.0 (bot) - DEBUG - Bot imported from C:\Python38\lib\site-packages\instabot\bot\bot.py
2020-08-17 14:34:22,191 - instabot version: 0.117.0 (api_login) - DEBUG - Loading cookies
2020-08-17 14:34:22,192 - instabot version: 0.117.0 (api_login) - DEBUG - Loading uuids
2020-08-17 14:34:22,192 - instabot version: 0.117.0 (api_login) - INFO - Recovery from C:\Users\Victor\OneDrive\Desktop\CS\PythonProject\Confessions Bot/config/victordigueslacerda_uuid_and_cookie.json: COOKIE True - UUIDs True - TIMING, DEVICE and ...
- user-agent=Instagram 117.0.0.28.123 Android (28/9.0; 420dpi; 1080x1920; OnePlus; ONEPLUS A3003; OnePlus3; qcom; en_US; 180322800)
- phone_id=0294b770-0458-4e7c-b3f0-14f710c70ecb
- uuid=7ca4da58-6651-42bd-a1d3-8b8a5b050a76
- client_session_id=c05e7839-c6b5-4e37-b08a-b7f6e3fa1d96
- device_id=android-cffc1a251af68d37
2020-08-17 14:34:22,194 - instabot version: 0.117.0 (api_login) - INFO - LOGIN FLOW! Just logged-in: False
2020-08-17 14:34:23,939 - instabot version: 0.117.0 (api) - DEBUG - POST to endpoint: feed/timeline/ returned response: <Response [200]>
2020-08-17 14:34:24,972 - instabot version: 0.117.0 (api) - DEBUG - POST to endpoint: feed/reels_tray/ returned response: <Response [200]>
2020-08-17 14:34:24,975 - instabot version: 0.117.0 (api) - INFO - Logged-in successfully as 'victordigueslacerda'!
2020-08-17 14:34:24,976 - instabot version: 0.117.0 (bot_checkpoint) - DEBUG - Loading Checkpoint file from: C:\Users\Victor\OneDrive\Desktop\CS\PythonProject\Confessions Bot/config/victordigueslacerda.checkpoint
2020-08-17 14:34:46,716 - instabot version: 0.117.0 (api) - DEBUG - POST to endpoint: media/configure/? returned response: <Response [200]>
2020-08-17 14:34:47,009 - instabot version: 0.117.0 (api) - DEBUG - POST to endpoint: qe/expose/ returned response: <Response [200]>
2020-08-17 14:34:47,010 - instabot version: 0.117.0 (bot_photo) - INFO - Photo 'to_post/2020_08_17-02_34_16_PM445c342e4ed24646815ed36f594e694b.jpg' is uploaded.
2020-08-17 14:35:06,212 - instabot version: 0.117.0 (api) - DEBUG - POST to endpoint: media/configure/? returned response: <Response [200]>
2020-08-17 14:35:06,508 - instabot version: 0.117.0 (api) - DEBUG - POST to endpoint: qe/expose/ returned response: <Response [200]>
2020-08-17 14:35:06,509 - instabot version: 0.117.0 (bot_photo) - INFO - Photo 'to_post/2020_08_17-02_34_16_PM94237bd4d5de48e4a1d7613ec1c72036.jpg' is uploaded.
2020-08-17 14:35:27,492 - instabot version: 0.117.0 (api) - DEBUG - POST to endpoint: media/configure/? returned response: <Response [200]>
2020-08-17 14:35:27,776 - instabot version: 0.117.0 (api) - DEBUG - POST to endpoint: qe/expose/ returned response: <Response [200]>
2020-08-17 14:35:27,778 - instabot version: 0.117.0 (bot_photo) - INFO - Photo 'to_post/2020_08_17-02_34_17_PM6ac04210bce14f0f8ed766480931c778.jpg' is uploaded.
2020-08-17 14:35:48,438 - instabot version: 0.117.0 (api) - DEBUG - POST to endpoint: media/configure/? returned response: <Response [200]>
2020-08-17 14:35:48,752 - instabot version: 0.117.0 (api) - DEBUG - POST to endpoint: qe/expose/ returned response: <Response [200]>
2020-08-17 14:35:48,754 - instabot version: 0.117.0 (bot_photo) - INFO - Photo 'to_post/2020_08_17-02_34_18_PM6db741dd24994a18b2ffc477fee1df46.jpg' is uploaded.
2020-08-17 14:36:08,604 - instabot version: 0.117.0 (api) - DEBUG - POST to endpoint: media/configure/? returned response: <Response [200]>
2020-08-17 14:36:08,890 - instabot version: 0.117.0 (api) - DEBUG - POST to endpoint: qe/expose/ returned response: <Response [200]>
2020-08-17 14:36:08,891 - instabot version: 0.117.0 (bot_photo) - INFO - Photo 'to_post/2020_08_17-02_34_18_PM9db7a777ddd74c71971d30c85081a4a8.jpg' is uploaded.
2020-08-17 14:36:29,579 - instabot version: 0.117.0 (api) - DEBUG - POST to endpoint: media/configure/? returned response: <Response [200]>
2020-08-17 14:36:29,920 - instabot version: 0.117.0 (api) - DEBUG - POST to endpoint: qe/expose/ returned response: <Response [200]>
2020-08-17 14:36:29,922 - instabot version: 0.117.0 (bot_photo) - INFO - Photo 'to_post/2020_08_17-02_34_18_PMab36877fcbe142a8a7548c2dbc0f7bec.jpg' is uploaded.
2020-08-17 14:36:49,443 - instabot version: 0.117.0 (api) - DEBUG - POST to endpoint: media/configure/? returned response: <Response [200]>
2020-08-17 14:36:49,770 - instabot version: 0.117.0 (api) - DEBUG - POST to endpoint: qe/expose/ returned response: <Response [200]>
2020-08-17 14:36:49,771 - instabot version: 0.117.0 (bot_photo) - INFO - Photo 'to_post/2020_08_17-02_34_18_PMf04c4a97bacd4ce3b40486f5ef62522c.jpg' is uploaded.
2020-08-17 14:37:11,626 - instabot version: 0.117.0 (api) - DEBUG - POST to endpoint: media/configure/? returned response: <Response [200]>
2020-08-17 14:37:11,923 - instabot version: 0.117.0 (api) - DEBUG - POST to endpoint: qe/expose/ returned response: <Response [200]>
2020-08-17 14:37:11,924 - instabot version: 0.117.0 (bot_photo) - INFO - Photo 'to_post/2020_08_17-02_34_19_PM21bf75b5ce1a4a34a6f3db0beddfea68.jpg' is uploaded.
2020-08-17 14:37:31,249 - instabot version: 0.117.0 (api) - DEBUG - POST to endpoint: media/configure/? returned response: <Response [200]>
2020-08-17 14:37:31,546 - instabot version: 0.117.0 (api) - DEBUG - POST to endpoint: qe/expose/ returned response: <Response [200]>
2020-08-17 14:37:31,548 - instabot version: 0.117.0 (bot_photo) - INFO - Photo 'to_post/2020_08_17-02_34_19_PM6a14586d1bfd4fad87e8d3576b721275.jpg' is uploaded.
2020-08-17 14:37:31,549 - instabot version: 0.117.0 (bot_checkpoint) - DEBUG - Saving Checkpoint file to: C:\Users\Victor\OneDrive\Desktop\CS\PythonProject\Confessions Bot/config/victordigueslacerda.checkpoint
2020-08-17 14:37:31,549 - instabot version: 0.117.0 (bot) - INFO - Total requests: 53
