2020-08-15 20:41:37,647 - instabot version: 0.117.0 (bot) - INFO - Instabot version: 0.117.0 Started
2020-08-15 20:41:37,648 - instabot version: 0.117.0 (bot) - DEBUG - Bot imported from C:\Python38\lib\site-packages\instabot\bot\bot.py
2020-08-15 20:41:37,648 - instabot version: 0.117.0 (api_login) - DEBUG - Loading cookies
2020-08-15 20:41:37,649 - instabot version: 0.117.0 (api_login) - DEBUG - Loading uuids
2020-08-15 20:41:37,649 - instabot version: 0.117.0 (api_login) - INFO - Recovery from C:\Users\Victor\OneDrive\Desktop\CS\PythonProject\Confessions Bot/config/victordigueslacerda_uuid_and_cookie.json: COOKIE True - UUIDs True - TIMING, DEVICE and ...
- user-agent=Instagram 117.0.0.28.123 Android (28/9.0; 420dpi; 1080x1920; OnePlus; ONEPLUS A3003; OnePlus3; qcom; en_US; 180322800)
- phone_id=0294b770-0458-4e7c-b3f0-14f710c70ecb
- uuid=7ca4da58-6651-42bd-a1d3-8b8a5b050a76
- client_session_id=e6e14e0c-4574-4fee-af2d-4b8fa8bccd63
- device_id=android-cffc1a251af68d37
2020-08-15 20:41:37,652 - instabot version: 0.117.0 (api_login) - INFO - LOGIN FLOW! Just logged-in: False
2020-08-15 20:41:40,124 - instabot version: 0.117.0 (api) - DEBUG - POST to endpoint: feed/timeline/ returned response: <Response [200]>
2020-08-15 20:41:41,194 - instabot version: 0.117.0 (api) - DEBUG - POST to endpoint: feed/reels_tray/ returned response: <Response [200]>
2020-08-15 20:41:41,475 - instabot version: 0.117.0 (api) - DEBUG - POST to endpoint: direct_v2/ranked_recipients/ returned response: <Response [200]>
2020-08-15 20:41:41,753 - instabot version: 0.117.0 (api) - DEBUG - POST to endpoint: direct_v2/ranked_recipients/ returned response: <Response [200]>
2020-08-15 20:41:42,682 - instabot version: 0.117.0 (api) - DEBUG - POST to endpoint: direct_v2/inbox/ returned response: <Response [200]>
2020-08-15 20:41:43,194 - instabot version: 0.117.0 (api) - DEBUG - GET to endpoint: direct_v2/get_presence/ returned response: <Response [200]>
2020-08-15 20:41:43,799 - instabot version: 0.117.0 (api) - DEBUG - GET to endpoint: news/inbox/?limited_activity=true&show_su=true returned response: <Response [200]>
2020-08-15 20:41:44,079 - instabot version: 0.117.0 (api) - DEBUG - GET to endpoint: users/profile_notice/ returned response: <Response [200]>
2020-08-15 20:41:44,347 - instabot version: 0.117.0 (api) - DEBUG - POST to endpoint: discover/explore/ returned response: <Response [200]>
2020-08-15 20:41:44,352 - instabot version: 0.117.0 (api) - INFO - Logged-in successfully as 'victordigueslacerda'!
2020-08-15 20:41:44,353 - instabot version: 0.117.0 (bot_checkpoint) - DEBUG - Loading Checkpoint file from: C:\Users\Victor\OneDrive\Desktop\CS\PythonProject\Confessions Bot/config/victordigueslacerda.checkpoint
2020-08-15 20:41:46,266 - instabot version: 0.117.0 (api_photo) - ERROR - Photo does not have a compatible photo aspect ratio.
2020-08-15 20:41:46,266 - instabot version: 0.117.0 (bot_photo) - INFO - Photo 'to_post/2020_08_15-08_38_48_PMbe8926e30b1744feb9dcf5611b703d18.jpg' is not uploaded.
2020-08-15 20:41:47,048 - instabot version: 0.117.0 (bot_checkpoint) - DEBUG - Saving Checkpoint file to: C:\Users\Victor\OneDrive\Desktop\CS\PythonProject\Confessions Bot/config/victordigueslacerda.checkpoint
2020-08-15 20:41:47,051 - instabot version: 0.117.0 (bot) - INFO - Total requests: 33
