2020-08-18 13:16:27,031 - instabot version: 0.117.0 (bot) - INFO - Instabot version: 0.117.0 Started
2020-08-18 13:16:27,032 - instabot version: 0.117.0 (bot) - DEBUG - Bot imported from C:\Python38\lib\site-packages\instabot\bot\bot.py
2020-08-18 13:16:27,033 - instabot version: 0.117.0 (api_login) - DEBUG - Loading cookies
2020-08-18 13:16:27,034 - instabot version: 0.117.0 (api_login) - DEBUG - Loading uuids
2020-08-18 13:16:27,034 - instabot version: 0.117.0 (api_login) - INFO - Recovery from C:\Users\Victor\OneDrive\Desktop\CS\PythonProject\Confessions Bot/config/victordigueslacerda_uuid_and_cookie.json: COOKIE True - UUIDs True - TIMING, DEVICE and ...
- user-agent=Instagram 117.0.0.28.123 Android (28/9.0; 420dpi; 1080x1920; OnePlus; ONEPLUS A3003; OnePlus3; qcom; en_US; 180322800)
- phone_id=0294b770-0458-4e7c-b3f0-14f710c70ecb
- uuid=7ca4da58-6651-42bd-a1d3-8b8a5b050a76
- client_session_id=c05e7839-c6b5-4e37-b08a-b7f6e3fa1d96
- device_id=android-cffc1a251af68d37
2020-08-18 13:16:27,034 - instabot version: 0.117.0 (api_login) - INFO - LOGIN FLOW! Just logged-in: False
2020-08-18 13:16:28,865 - instabot version: 0.117.0 (api) - DEBUG - POST to endpoint: feed/timeline/ returned response: <Response [200]>
2020-08-18 13:16:29,928 - instabot version: 0.117.0 (api) - DEBUG - POST to endpoint: feed/reels_tray/ returned response: <Response [200]>
2020-08-18 13:16:30,717 - instabot version: 0.117.0 (api) - DEBUG - POST to endpoint: direct_v2/ranked_recipients/ returned response: <Response [200]>
2020-08-18 13:16:31,143 - instabot version: 0.117.0 (api) - DEBUG - POST to endpoint: direct_v2/ranked_recipients/ returned response: <Response [200]>
2020-08-18 13:16:32,536 - instabot version: 0.117.0 (api) - DEBUG - POST to endpoint: direct_v2/inbox/ returned response: <Response [200]>
2020-08-18 13:16:33,144 - instabot version: 0.117.0 (api) - DEBUG - GET to endpoint: direct_v2/get_presence/ returned response: <Response [200]>
2020-08-18 13:16:34,250 - instabot version: 0.117.0 (api) - DEBUG - GET to endpoint: news/inbox/?limited_activity=true&show_su=true returned response: <Response [200]>
2020-08-18 13:16:34,516 - instabot version: 0.117.0 (api) - DEBUG - GET to endpoint: users/profile_notice/ returned response: <Response [200]>
2020-08-18 13:16:36,218 - instabot version: 0.117.0 (api) - DEBUG - POST to endpoint: discover/explore/ returned response: <Response [200]>
2020-08-18 13:16:36,219 - instabot version: 0.117.0 (api) - INFO - Logged-in successfully as 'victordigueslacerda'!
2020-08-18 13:16:36,220 - instabot version: 0.117.0 (bot_checkpoint) - DEBUG - Loading Checkpoint file from: C:\Users\Victor\OneDrive\Desktop\CS\PythonProject\Confessions Bot/config/victordigueslacerda.checkpoint
2020-08-18 13:16:57,502 - instabot version: 0.117.0 (api) - DEBUG - POST to endpoint: media/configure/? returned response: <Response [200]>
2020-08-18 13:16:57,756 - instabot version: 0.117.0 (api) - DEBUG - POST to endpoint: qe/expose/ returned response: <Response [200]>
2020-08-18 13:16:57,757 - instabot version: 0.117.0 (bot_photo) - INFO - Photo 'to_post/2020_08_18-01_16_22_PM33abb370d8d841ed8dd804c110b2cf62.jpg' is uploaded.
2020-08-18 13:17:17,358 - instabot version: 0.117.0 (api) - DEBUG - POST to endpoint: media/configure/? returned response: <Response [200]>
2020-08-18 13:17:17,640 - instabot version: 0.117.0 (api) - DEBUG - POST to endpoint: qe/expose/ returned response: <Response [200]>
2020-08-18 13:17:17,642 - instabot version: 0.117.0 (bot_photo) - INFO - Photo 'to_post/2020_08_18-01_16_22_PMecf6234487cd4fbdb470b964222b4b70.jpg' is uploaded.
2020-08-18 13:20:12,138 - instabot version: 0.117.0 (bot_checkpoint) - DEBUG - Saving Checkpoint file to: C:\Users\Victor\OneDrive\Desktop\CS\PythonProject\Confessions Bot/config/victordigueslacerda.checkpoint
2020-08-18 13:20:12,139 - instabot version: 0.117.0 (bot) - INFO - Total requests: 57
