2020-08-18 14:35:48,172 - instabot version: 0.117.0 (bot) - INFO - Instabot version: 0.117.0 Started
2020-08-18 14:35:48,172 - instabot version: 0.117.0 (bot) - DEBUG - Bot imported from C:\Python38\lib\site-packages\instabot\bot\bot.py
2020-08-18 14:35:48,173 - instabot version: 0.117.0 (api_login) - INFO - Not yet logged in starting: PRE-LOGIN FLOW!
2020-08-18 14:35:48,509 - instabot version: 0.117.0 (api) - DEBUG - POST to endpoint: accounts/get_prefill_candidates/ returned response: <Response [200]>
2020-08-18 14:35:48,808 - instabot version: 0.117.0 (api) - DEBUG - POST to endpoint: qe/sync/ returned response: <Response [200]>
2020-08-18 14:35:49,119 - instabot version: 0.117.0 (api) - DEBUG - POST to endpoint: launcher/sync/ returned response: <Response [200]>
2020-08-18 14:35:49,415 - instabot version: 0.117.0 (api) - DEBUG - POST to endpoint: accounts/contact_point_prefill/ returned response: <Response [200]>
2020-08-18 14:35:49,711 - instabot version: 0.117.0 (api) - DEBUG - POST to endpoint: accounts/login/ returned response: <Response [400]>
2020-08-18 14:35:49,711 - instabot version: 0.117.0 (api) - DEBUG - Responsecode indicates error; response content: b'{"message": "Invalid Parameters", "status": "fail", "error_type": "missing_parameters"}'
2020-08-18 14:35:49,711 - instabot version: 0.117.0 (api) - ERROR - Request returns 400 error!
2020-08-18 14:35:49,711 - instabot version: 0.117.0 (api) - INFO - Instagram's error message: Invalid Parameters
2020-08-18 14:35:49,711 - instabot version: 0.117.0 (api) - INFO - Error type: missing_parameters
2020-08-18 14:35:49,711 - instabot version: 0.117.0 (api) - ERROR - Failed to login go to instagram and change your password
2020-08-18 14:35:49,711 - instabot version: 0.117.0 (api) - INFO - Username or password is incorrect.
2020-08-18 14:36:14,935 - instabot version: 0.117.0 (bot) - INFO - Instabot version: 0.117.0 Started
2020-08-18 14:36:14,935 - instabot version: 0.117.0 (bot) - DEBUG - Bot imported from C:\Python38\lib\site-packages\instabot\bot\bot.py
2020-08-18 14:36:14,936 - instabot version: 0.117.0 (api_login) - INFO - Not yet logged in starting: PRE-LOGIN FLOW!
2020-08-18 14:36:15,267 - instabot version: 0.117.0 (api) - DEBUG - POST to endpoint: accounts/get_prefill_candidates/ returned response: <Response [200]>
2020-08-18 14:36:15,573 - instabot version: 0.117.0 (api) - DEBUG - POST to endpoint: qe/sync/ returned response: <Response [200]>
2020-08-18 14:36:15,872 - instabot version: 0.117.0 (api) - DEBUG - POST to endpoint: launcher/sync/ returned response: <Response [200]>
2020-08-18 14:36:16,172 - instabot version: 0.117.0 (api) - DEBUG - POST to endpoint: accounts/contact_point_prefill/ returned response: <Response [200]>
2020-08-18 14:36:16,479 - instabot version: 0.117.0 (api) - DEBUG - POST to endpoint: accounts/login/ returned response: <Response [400]>
2020-08-18 14:36:16,480 - instabot version: 0.117.0 (api) - DEBUG - Responsecode indicates error; response content: b'{"message": "Invalid Parameters", "status": "fail", "error_type": "missing_parameters"}'
2020-08-18 14:36:16,480 - instabot version: 0.117.0 (api) - ERROR - Request returns 400 error!
2020-08-18 14:36:16,480 - instabot version: 0.117.0 (api) - INFO - Instagram's error message: Invalid Parameters
2020-08-18 14:36:16,481 - instabot version: 0.117.0 (api) - INFO - Error type: missing_parameters
2020-08-18 14:36:16,481 - instabot version: 0.117.0 (api) - ERROR - Failed to login go to instagram and change your password
2020-08-18 14:36:16,482 - instabot version: 0.117.0 (api) - INFO - Username or password is incorrect.
