2020-08-15 20:18:58,042 - instabot version: 0.117.0 (bot) - INFO - Instabot version: 0.117.0 Started
2020-08-15 20:18:58,042 - instabot version: 0.117.0 (bot) - DEBUG - Bot imported from C:\Python38\lib\site-packages\instabot\bot\bot.py
2020-08-15 20:18:58,042 - instabot version: 0.117.0 (api_login) - DEBUG - Loading cookies
2020-08-15 20:18:58,042 - instabot version: 0.117.0 (api_login) - DEBUG - Loading uuids
2020-08-15 20:18:58,042 - instabot version: 0.117.0 (api_login) - INFO - Recovery from C:\Users\Victor\OneDrive\Desktop\CS\PythonProject\Confessions Bot/config/victordigueslacerda_uuid_and_cookie.json: COOKIE True - UUIDs True - TIMING, DEVICE and ...
- user-agent=Instagram 117.0.0.28.123 Android (28/9.0; 420dpi; 1080x1920; OnePlus; ONEPLUS A3003; OnePlus3; qcom; en_US; 180322800)
- phone_id=0294b770-0458-4e7c-b3f0-14f710c70ecb
- uuid=7ca4da58-6651-42bd-a1d3-8b8a5b050a76
- client_session_id=e6e14e0c-4574-4fee-af2d-4b8fa8bccd63
- device_id=android-cffc1a251af68d37
2020-08-15 20:18:58,042 - instabot version: 0.117.0 (api_login) - INFO - LOGIN FLOW! Just logged-in: False
2020-08-15 20:19:00,841 - instabot version: 0.117.0 (api) - DEBUG - POST to endpoint: feed/timeline/ returned response: <Response [200]>
2020-08-15 20:19:01,701 - instabot version: 0.117.0 (api) - DEBUG - POST to endpoint: feed/reels_tray/ returned response: <Response [200]>
2020-08-15 20:19:01,708 - instabot version: 0.117.0 (api) - INFO - Logged-in successfully as 'victordigueslacerda'!
2020-08-15 20:19:01,709 - instabot version: 0.117.0 (bot_checkpoint) - DEBUG - Loading Checkpoint file from: C:\Users\Victor\OneDrive\Desktop\CS\PythonProject\Confessions Bot/config/victordigueslacerda.checkpoint
2020-08-15 20:19:20,804 - instabot version: 0.117.0 (api) - DEBUG - POST to endpoint: media/configure/? returned response: <Response [200]>
2020-08-15 20:19:21,072 - instabot version: 0.117.0 (api) - DEBUG - POST to endpoint: qe/expose/ returned response: <Response [200]>
2020-08-15 20:19:21,074 - instabot version: 0.117.0 (bot_photo) - INFO - Photo 'test.jpg' is uploaded.
2020-08-15 20:19:21,074 - instabot version: 0.117.0 (bot_checkpoint) - DEBUG - Saving Checkpoint file to: C:\Users\Victor\OneDrive\Desktop\CS\PythonProject\Confessions Bot/config/victordigueslacerda.checkpoint
2020-08-15 20:19:21,076 - instabot version: 0.117.0 (bot) - INFO - Total requests: 33
