2020-08-19 16:48:23,239 - instabot version: 0.117.0 (bot) - INFO - Instabot version: 0.117.0 Started
2020-08-19 16:48:23,240 - instabot version: 0.117.0 (bot) - DEBUG - Bot imported from C:\Python38\lib\site-packages\instabot\bot\bot.py
2020-08-19 16:48:23,241 - instabot version: 0.117.0 (api_login) - DEBUG - Loading cookies
2020-08-19 16:48:23,241 - instabot version: 0.117.0 (api_login) - DEBUG - Loading uuids
2020-08-19 16:48:23,241 - instabot version: 0.117.0 (api_login) - INFO - Recovery from C:\Users\Victor\OneDrive\Desktop\CS\PythonProject\Confessions/config/victordigueslacerda_uuid_and_cookie.json: COOKIE True - UUIDs True - TIMING, DEVICE and ...
- user-agent=Instagram 117.0.0.28.123 Android (28/9.0; 420dpi; 1080x1920; OnePlus; ONEPLUS A3003; OnePlus3; qcom; en_US; 180322800)
- phone_id=0294b770-0458-4e7c-b3f0-14f710c70ecb
- uuid=7ca4da58-6651-42bd-a1d3-8b8a5b050a76
- client_session_id=9290a63e-5baf-40e2-8ae0-82c0b0cf2321
- device_id=android-cffc1a251af68d37
2020-08-19 16:48:23,242 - instabot version: 0.117.0 (api_login) - INFO - LOGIN FLOW! Just logged-in: False
2020-08-19 16:48:25,194 - instabot version: 0.117.0 (api) - DEBUG - POST to endpoint: feed/timeline/ returned response: <Response [200]>
2020-08-19 16:48:26,316 - instabot version: 0.117.0 (api) - DEBUG - POST to endpoint: feed/reels_tray/ returned response: <Response [200]>
2020-08-19 16:48:26,321 - instabot version: 0.117.0 (api) - INFO - Logged-in successfully as 'victordigueslacerda'!
2020-08-19 16:48:26,321 - instabot version: 0.117.0 (bot_checkpoint) - DEBUG - Loading Checkpoint file from: C:\Users\Victor\OneDrive\Desktop\CS\PythonProject\Confessions/config/victordigueslacerda.checkpoint
2020-08-19 16:48:46,504 - instabot version: 0.117.0 (api) - DEBUG - POST to endpoint: media/configure/? returned response: <Response [200]>
2020-08-19 16:48:46,865 - instabot version: 0.117.0 (api) - DEBUG - POST to endpoint: qe/expose/ returned response: <Response [200]>
2020-08-19 16:48:46,867 - instabot version: 0.117.0 (bot_photo) - INFO - Photo 'to_post/2020_08_19-04_46_04_PM0d465db0f1114838be62fbc734ea7ac9.jpg' is uploaded.
2020-08-19 16:50:20,864 - instabot version: 0.117.0 (bot_checkpoint) - DEBUG - Saving Checkpoint file to: C:\Users\Victor\OneDrive\Desktop\CS\PythonProject\Confessions/config/victordigueslacerda.checkpoint
2020-08-19 16:50:20,867 - instabot version: 0.117.0 (bot) - INFO - Total requests: 59
